0 info it worked if it ends with ok
1 verbose cli [ 'node', '/usr/bin/npm', 'start' ]
2 info using npm@4.0.3
3 info using node@v0.12.14
4 verbose node symlink /usr/bin/node
5 verbose run-script [ 'prestart', 'start', 'poststart' ]
6 info lifecycle apsv-watson@0.0.0~prestart: apsv-watson@0.0.0
7 silly lifecycle apsv-watson@0.0.0~prestart: no script for prestart, continuing
8 info lifecycle apsv-watson@0.0.0~start: apsv-watson@0.0.0
9 verbose lifecycle apsv-watson@0.0.0~start: unsafe-perm in lifecycle true
10 verbose lifecycle apsv-watson@0.0.0~start: PATH: /usr/lib/node_modules/npm/bin/node-gyp-bin:/home/alberto/APSV-watson/node_modules/.bin:/usr/local/sbin:/usr/local/bin:/usr/sbin:/usr/bin:/sbin:/bin:/usr/games:/usr/local/games
11 verbose lifecycle apsv-watson@0.0.0~start: CWD: /home/alberto/APSV-watson
12 silly lifecycle apsv-watson@0.0.0~start: Args: [ '-c', 'node ./bin/www' ]
13 silly lifecycle apsv-watson@0.0.0~start: Returned: code: 1  signal: null
14 info lifecycle apsv-watson@0.0.0~start: Failed to exec start script
15 verbose stack Error: apsv-watson@0.0.0 start: `node ./bin/www`
15 verbose stack Exit status 1
15 verbose stack     at EventEmitter.<anonymous> (/usr/lib/node_modules/npm/lib/utils/lifecycle.js:279:16)
15 verbose stack     at EventEmitter.emit (events.js:110:17)
15 verbose stack     at ChildProcess.<anonymous> (/usr/lib/node_modules/npm/lib/utils/spawn.js:40:14)
15 verbose stack     at ChildProcess.emit (events.js:110:17)
15 verbose stack     at maybeClose (child_process.js:1019:16)
15 verbose stack     at Process.ChildProcess._handle.onexit (child_process.js:1091:5)
16 verbose pkgid apsv-watson@0.0.0
17 verbose cwd /home/alberto/APSV-watson
18 error Linux 3.19.0-59-generic
19 error argv "node" "/usr/bin/npm" "start"
20 error node v0.12.14
21 error npm  v4.0.3
22 error code ELIFECYCLE
23 error apsv-watson@0.0.0 start: `node ./bin/www`
23 error Exit status 1
24 error Failed at the apsv-watson@0.0.0 start script 'node ./bin/www'.
24 error Make sure you have the latest version of node.js and npm installed.
24 error If you do, this is most likely a problem with the apsv-watson package,
24 error not with npm itself.
24 error Tell the author that this fails on your system:
24 error     node ./bin/www
24 error You can get information on how to open an issue for this project with:
24 error     npm bugs apsv-watson
24 error Or if that isn't available, you can get their info via:
24 error     npm owner ls apsv-watson
24 error There is likely additional logging output above.
25 verbose exit [ 1, true ]
